[     199ms] [ERROR] Failed to load resource: the server responded with a status of 404 () @ https://www.sages.pl/oferty-pracy:0
[     383ms] [ERROR] Failed to load resource: the server responded with a status of 404 () @ https://www.sages.pl/page-data/oferty-pracy/page-data.json:0
[     445ms] [ERROR] Failed to load resource: the server responded with a status of 404 () @ https://www.sages.pl/oferty-pracy:0
[     691ms] Error: Minified React error #425; visit https://reactjs.org/docs/error-decoder.html?invariant=425 for the full message or use the non-minified dev environment for full errors and additional helpful warnings.
    at Zr (https://www.sages.pl/framework-3e4f5e31cc0d89b7a446.js:2:44369)
    at Ku (https://www.sages.pl/framework-3e4f5e31cc0d89b7a446.js:2:85619)
    at ws (https://www.sages.pl/framework-3e4f5e31cc0d89b7a446.js:2:109760)
    at ks (https://www.sages.pl/framework-3e4f5e31cc0d89b7a446.js:2:109500)
    at ys (https://www.sages.pl/framework-3e4f5e31cc0d89b7a446.js:2:109367)
    at vs (https://www.sages.pl/framework-3e4f5e31cc0d89b7a446.js:2:109230)
    at as (https://www.sages.pl/framework-3e4f5e31cc0d89b7a446.js:2:104393)
    at S (https://www.sages.pl/framework-3e4f5e31cc0d89b7a446.js:2:137741)
    at MessagePort.T (https://www.sages.pl/framework-3e4f5e31cc0d89b7a446.js:2:138273)
[     691ms] Error: Minified React error #418; visit https://reactjs.org/docs/error-decoder.html?invariant=418 for the full message or use the non-minified dev environment for full errors and additional helpful warnings.
    at sa (https://www.sages.pl/framework-3e4f5e31cc0d89b7a446.js:2:49185)
    at Ei (https://www.sages.pl/framework-3e4f5e31cc0d89b7a446.js:2:121869)
    at ks (https://www.sages.pl/framework-3e4f5e31cc0d89b7a446.js:2:109439)
    at ys (https://www.sages.pl/framework-3e4f5e31cc0d89b7a446.js:2:109367)
    at vs (https://www.sages.pl/framework-3e4f5e31cc0d89b7a446.js:2:109230)
    at as (https://www.sages.pl/framework-3e4f5e31cc0d89b7a446.js:2:104393)
    at S (https://www.sages.pl/framework-3e4f5e31cc0d89b7a446.js:2:137741)
    at MessagePort.T (https://www.sages.pl/framework-3e4f5e31cc0d89b7a446.js:2:138273)
[     691ms] Error: Minified React error #418; visit https://reactjs.org/docs/error-decoder.html?invariant=418 for the full message or use the non-minified dev environment for full errors and additional helpful warnings.
    at sa (https://www.sages.pl/framework-3e4f5e31cc0d89b7a446.js:2:49185)
    at Ei (https://www.sages.pl/framework-3e4f5e31cc0d89b7a446.js:2:121869)
    at ks (https://www.sages.pl/framework-3e4f5e31cc0d89b7a446.js:2:109439)
    at ys (https://www.sages.pl/framework-3e4f5e31cc0d89b7a446.js:2:109367)
    at vs (https://www.sages.pl/framework-3e4f5e31cc0d89b7a446.js:2:109230)
    at as (https://www.sages.pl/framework-3e4f5e31cc0d89b7a446.js:2:104393)
    at S (https://www.sages.pl/framework-3e4f5e31cc0d89b7a446.js:2:137741)
    at MessagePort.T (https://www.sages.pl/framework-3e4f5e31cc0d89b7a446.js:2:138273)
[     691ms] Error: Minified React error #418; visit https://reactjs.org/docs/error-decoder.html?invariant=418 for the full message or use the non-minified dev environment for full errors and additional helpful warnings.
    at sa (https://www.sages.pl/framework-3e4f5e31cc0d89b7a446.js:2:49185)
    at Ei (https://www.sages.pl/framework-3e4f5e31cc0d89b7a446.js:2:121869)
    at ks (https://www.sages.pl/framework-3e4f5e31cc0d89b7a446.js:2:109439)
    at ys (https://www.sages.pl/framework-3e4f5e31cc0d89b7a446.js:2:109367)
    at vs (https://www.sages.pl/framework-3e4f5e31cc0d89b7a446.js:2:109230)
    at as (https://www.sages.pl/framework-3e4f5e31cc0d89b7a446.js:2:104393)
    at S (https://www.sages.pl/framework-3e4f5e31cc0d89b7a446.js:2:137741)
    at MessagePort.T (https://www.sages.pl/framework-3e4f5e31cc0d89b7a446.js:2:138273)
[     691ms] Error: Minified React error #418; visit https://reactjs.org/docs/error-decoder.html?invariant=418 for the full message or use the non-minified dev environment for full errors and additional helpful warnings.
    at sa (https://www.sages.pl/framework-3e4f5e31cc0d89b7a446.js:2:49185)
    at Ei (https://www.sages.pl/framework-3e4f5e31cc0d89b7a446.js:2:121869)
    at ks (https://www.sages.pl/framework-3e4f5e31cc0d89b7a446.js:2:109439)
    at ys (https://www.sages.pl/framework-3e4f5e31cc0d89b7a446.js:2:109367)
    at vs (https://www.sages.pl/framework-3e4f5e31cc0d89b7a446.js:2:109230)
    at as (https://www.sages.pl/framework-3e4f5e31cc0d89b7a446.js:2:104393)
    at S (https://www.sages.pl/framework-3e4f5e31cc0d89b7a446.js:2:137741)
    at MessagePort.T (https://www.sages.pl/framework-3e4f5e31cc0d89b7a446.js:2:138273)
[     691ms] Error: Minified React error #418; visit https://reactjs.org/docs/error-decoder.html?invariant=418 for the full message or use the non-minified dev environment for full errors and additional helpful warnings.
    at sa (https://www.sages.pl/framework-3e4f5e31cc0d89b7a446.js:2:49185)
    at Ei (https://www.sages.pl/framework-3e4f5e31cc0d89b7a446.js:2:121869)
    at ks (https://www.sages.pl/framework-3e4f5e31cc0d89b7a446.js:2:109439)
    at ys (https://www.sages.pl/framework-3e4f5e31cc0d89b7a446.js:2:109367)
    at vs (https://www.sages.pl/framework-3e4f5e31cc0d89b7a446.js:2:109230)
    at as (https://www.sages.pl/framework-3e4f5e31cc0d89b7a446.js:2:104393)
    at S (https://www.sages.pl/framework-3e4f5e31cc0d89b7a446.js:2:137741)
    at MessagePort.T (https://www.sages.pl/framework-3e4f5e31cc0d89b7a446.js:2:138273)
[     692ms] Error: Minified React error #418; visit https://reactjs.org/docs/error-decoder.html?invariant=418 for the full message or use the non-minified dev environment for full errors and additional helpful warnings.
    at sa (https://www.sages.pl/framework-3e4f5e31cc0d89b7a446.js:2:49185)
    at Ei (https://www.sages.pl/framework-3e4f5e31cc0d89b7a446.js:2:121869)
    at ks (https://www.sages.pl/framework-3e4f5e31cc0d89b7a446.js:2:109439)
    at ys (https://www.sages.pl/framework-3e4f5e31cc0d89b7a446.js:2:109367)
    at vs (https://www.sages.pl/framework-3e4f5e31cc0d89b7a446.js:2:109230)
    at as (https://www.sages.pl/framework-3e4f5e31cc0d89b7a446.js:2:104393)
    at S (https://www.sages.pl/framework-3e4f5e31cc0d89b7a446.js:2:137741)
    at MessagePort.T (https://www.sages.pl/framework-3e4f5e31cc0d89b7a446.js:2:138273)
[     692ms] Error: Minified React error #423; visit https://reactjs.org/docs/error-decoder.html?invariant=423 for the full message or use the non-minified dev environment for full errors and additional helpful warnings.
    at Ei (https://www.sages.pl/framework-3e4f5e31cc0d89b7a446.js:2:121555)
    at ks (https://www.sages.pl/framework-3e4f5e31cc0d89b7a446.js:2:109439)
    at ys (https://www.sages.pl/framework-3e4f5e31cc0d89b7a446.js:2:109367)
    at vs (https://www.sages.pl/framework-3e4f5e31cc0d89b7a446.js:2:109230)
    at os (https://www.sages.pl/framework-3e4f5e31cc0d89b7a446.js:2:106065)
    at as (https://www.sages.pl/framework-3e4f5e31cc0d89b7a446.js:2:104620)
    at S (https://www.sages.pl/framework-3e4f5e31cc0d89b7a446.js:2:137741)
    at MessagePort.T (https://www.sages.pl/framework-3e4f5e31cc0d89b7a446.js:2:138273)
