[    1029ms] [WARNING] Google Maps JavaScript API has been loaded directly without loading=async. This can result in suboptimal performance. For best-practice loading patterns please see https://goo.gle/js-api-loading @ https://maps.googleapis.com/maps/api/js?key=AIzaSyB50_V7GykyV3JnkJnUoJI42rdbdBgTCBk:336
[    1363ms] [WARNING] google.maps.event.addDomListener() is deprecated, use the standard
addEventListener() method instead:
https://developer.mozilla.org/docs/Web/API/EventTarget/addEventListener
The feature will continue to work and there is no plan to decommission
it. @ https://maps.googleapis.com/maps/api/js?key=AIzaSyB50_V7GykyV3JnkJnUoJI42rdbdBgTCBk:213
[    1504ms] [WARNING] As of February 21st, 2024, google.maps.Marker is deprecated. Please use google.maps.marker.AdvancedMarkerElement instead. At this time, google.maps.Marker is not scheduled to be discontinued, but google.maps.marker.AdvancedMarkerElement is recommended over google.maps.Marker. While google.maps.Marker will continue to receive bug fixes for any major regressions, existing bugs in google.maps.Marker will not be addressed. At least 12 months notice will be given before support is discontinued. Please see https://developers.google.com/maps/deprecations for additional details and https://developers.google.com/maps/documentation/javascript/advanced-markers/migration for the migration guide. @ https://maps.googleapis.com/maps/api/js?key=AIzaSyB50_V7GykyV3JnkJnUoJI42rdbdBgTCBk:438
[    2491ms] [ERROR] Failed to load resource: the server responded with a status of 401 () @ https://challenges.cloudflare.com/cdn-cgi/challenge-platform/h/b/pat/9ea28914ab1a21be/1775832328615/1053885da7fdeaac492cbfcc01cb829bb94488c641868503093422e1f27d3f55/wJ7JprG5dITdP6I:0
[    2501ms] [WARNING] Failed to parse audio contentType: audio/mp4; codecs=ac-3 @ https://challenges.cloudflare.com/cdn-cgi/challenge-platform/h/b/turnstile/f/ov2/av0/rch/pzs02/0x4AAAAAABtnIRTJTc0zO8x_/auto/fbE/new/normal?lang=auto:0
[    2501ms] [WARNING] Failed to parse audio contentType: audio/mp4; codecs=ec-3 @ https://challenges.cloudflare.com/cdn-cgi/challenge-platform/h/b/turnstile/f/ov2/av0/rch/pzs02/0x4AAAAAABtnIRTJTc0zO8x_/auto/fbE/new/normal?lang=auto:0
[    2502ms] [WARNING] Invalid (ambiguous) video codec string: video/webm; codecs=vp9 @ https://challenges.cloudflare.com/cdn-cgi/challenge-platform/h/b/turnstile/f/ov2/av0/rch/pzs02/0x4AAAAAABtnIRTJTc0zO8x_/auto/fbE/new/normal?lang=auto:0
[    2502ms] [WARNING] Failed to parse video contentType: video/ogg; codecs=theora @ https://challenges.cloudflare.com/cdn-cgi/challenge-platform/h/b/turnstile/f/ov2/av0/rch/pzs02/0x4AAAAAABtnIRTJTc0zO8x_/auto/fbE/new/normal?lang=auto:0
[    2789ms] [ERROR] Permissions policy violation: xr-spatial-tracking is not allowed in this document. @ https://challenges.cloudflare.com/cdn-cgi/challenge-platform/h/b/turnstile/f/ov2/av0/rch/pzs02/0x4AAAAAABtnIRTJTc0zO8x_/auto/fbE/new/normal?lang=auto:0
[    2789ms] [ERROR] Permissions policy violation: xr-spatial-tracking is not allowed in this document. @ https://challenges.cloudflare.com/cdn-cgi/challenge-platform/h/b/turnstile/f/ov2/av0/rch/pzs02/0x4AAAAAABtnIRTJTc0zO8x_/auto/fbE/new/normal?lang=auto:0
[    3109ms] [ERROR] %c%d font-size:0;color:transparent NaN @ https://challenges.cloudflare.com/cdn-cgi/challenge-platform/h/b/turnstile/f/ov2/av0/rch/pzs02/0x4AAAAAABtnIRTJTc0zO8x_/auto/fbE/new/normal?lang=auto:0
[    3110ms] [ERROR] %c%d font-size:0;color:transparent NaN @ https://challenges.cloudflare.com/cdn-cgi/challenge-platform/h/b/turnstile/f/ov2/av0/rch/pzs02/0x4AAAAAABtnIRTJTc0zO8x_/auto/fbE/new/normal?lang=auto:0
[    3110ms] [WARNING] %c%d font-size:0;color:transparent NaN @ https://challenges.cloudflare.com/cdn-cgi/challenge-platform/h/b/turnstile/f/ov2/av0/rch/pzs02/0x4AAAAAABtnIRTJTc0zO8x_/auto/fbE/new/normal?lang=auto:0
[    3110ms] [WARNING] %c%d font-size:0;color:transparent NaN @ https://challenges.cloudflare.com/cdn-cgi/challenge-platform/h/b/turnstile/f/ov2/av0/rch/pzs02/0x4AAAAAABtnIRTJTc0zO8x_/auto/fbE/new/normal?lang=auto:0
[    3124ms] [ERROR]  Note that 'script-src' was not explicitly set, so 'default-src' is used as a fallback. @ https://challenges.cloudflare.com/cdn-cgi/challenge-platform/h/b/turnstile/f/ov2/av0/rch/pzs02/0x4AAAAAABtnIRTJTc0zO8x_/auto/fbE/new/normal?lang=auto:0
[    6519ms] [WARNING] The resource https://challenges.cloudflare.com/cdn-cgi/challenge-platform/h/b/cmg/1 was preloaded using link preload but not used within a few seconds from the window's load event. Please make sure it has an appropriate `as` value and it is preloaded intentionally. @ https://challenges.cloudflare.com/cdn-cgi/challenge-platform/h/b/turnstile/f/ov2/av0/rch/pzs02/0x4AAAAAABtnIRTJTc0zO8x_/auto/fbE/new/normal?lang=auto:0
